<?xml version="1.0" encoding="UTF-8"?>
<!-- Generated by org.testng.reporters.JUnitReportReporter -->
<testsuite hostname="LAPTOP-70J9PKF7" failures="0" tests="1" name="com.SauceDemo.Testclass.verifyallitempagefunctionality" time="18.115" errors="0" timestamp="2022-08-05T10:36:09 IST" skipped="0">
  <testcase classname="com.SauceDemo.Testclass.verifyallitempagefunctionality" name="mutipleProductAddToCartFunctionality" time="18.115"/>
  <system-out/>
</testsuite> <!-- com.SauceDemo.Testclass.verifyallitempagefunctionality -->
