<?xml version="1.0" encoding="UTF-8"?>
<!-- Generated by org.testng.reporters.JUnitReportReporter -->
<testsuite hostname="LAPTOP-70J9PKF7" failures="0" tests="1" name="com.SauceDemo.Testclass.VerifyloginFunctionality" time="14.183" errors="0" timestamp="2022-08-05T10:36:09 IST" skipped="0">
  <testcase classname="com.SauceDemo.Testclass.VerifyloginFunctionality" name="loginFuntionality" time="14.183"/>
  <system-out/>
</testsuite> <!-- com.SauceDemo.Testclass.VerifyloginFunctionality -->
